<?xml version="1.0" encoding="UTF-8"?>
<!-- Generated by org.testng.reporters.JUnitReportReporter -->
<testsuite hostname="SKYLT0518999" failures="0" tests="2" name="com.maven.Homework_Maven.MultiTestSceanrio" time="2.863" errors="0" timestamp="2023-12-04T17:09:16 GMT" skipped="0">
  <testcase classname="com.maven.Homework_Maven.MultiTestSceanrio" name="SelectDropDown" time="0.327"/>
  <testcase classname="com.maven.Homework_Maven.MultiTestSceanrio" name="MouseHoovering" time="2.536"/>
</testsuite> <!-- com.maven.Homework_Maven.MultiTestSceanrio -->
