<?xml version="1.0" encoding="UTF-8"?>
<!-- Generated by org.testng.reporters.JUnitReportReporter -->
<testsuite hostname="SKYLT0518999" failures="0" tests="2" name="com.maven.Homework_Maven.MultiTestSceanrio" time="3.001" errors="0" timestamp="2023-12-04T16:55:41 GMT" skipped="0">
  <testcase classname="com.maven.Homework_Maven.MultiTestSceanrio" name="SelectDropDown" time="0.398"/>
  <testcase classname="com.maven.Homework_Maven.MultiTestSceanrio" name="MouseHoovering" time="2.603"/>
</testsuite> <!-- com.maven.Homework_Maven.MultiTestSceanrio -->
